Args in experiment:
Namespace(activation='gelu', adapter_hidden=0, alpha_temp=0.5, batch_size=32, beta_scale=1.0, c_out=7, checkpoints='./checkpoints/', d_ff=2048, d_layers=1, d_model=512, d_proj=16, data='ETTh1', data_path='ETTh1.csv', dec_in=7, des='fed_tune_720A', detach_temp=1, devices='0,1,2,3', distil=True, do_predict=False, dropout=0.05, dual_stream=False, e_layers=2, embed='timeF', embed_type=0, enc_in=7, factor=5, features='M', freeze_backbone=False, freeze_geo=False, freq='h', gate_power=4, geohcan_d_model=0, gpu=0, is_training=1, itr=1, label_len=48, lambda_acl=1.0, lambda_cls=0.1, lambda_direct=1.0, lambda_geo=0.0, lambda_latent=0.001, lambda_ortho=0.001, lambda_reg=0.05, lambda_uac=1.0, learning_rate=0.0005, loss='mse', lradj='type1', model='FEDformer', model_id='fed720A', moving_avg=25, n_heads=8, no_geohcan=False, num_class=8, num_coarse=2, num_fine=8, num_kernels=6, num_workers=10, output_attention=False, patch_len=16, patience=5, pred_len=720, rbf_gamma=1.0, root_path='./dataset/ETT-small/', seq_len=96, stride=8, target='OT', task_name='long_term_forecast', test_flop=False, timesnet_d_ff=32, timesnet_d_model=32, top_k=5, train_epochs=10, train_only=False, use_amp=False, use_energy_gate=0, use_gpu=True, use_multi_gpu=False, use_proj_ln=1)
Use GPU: cuda:0
fourier enhanced block used!
modes=32, index=[2, 3, 4, 5, 8, 9, 10, 11, 13, 14, 15, 16, 17, 18, 19, 20, 23, 25, 26, 28, 31, 32, 34, 35, 37, 38, 39, 40, 42, 43, 44, 46]
fourier enhanced block used!
modes=32, index=[13, 34, 35, 46, 50, 95, 108, 124, 125, 129, 134, 137, 139, 140, 150, 161, 169, 211, 242, 251, 261, 263, 270, 271, 297, 307, 313, 317, 321, 347, 351, 381]
 fourier enhanced cross attention used!
modes_q=32, index_q=[8, 9, 16, 18, 40, 61, 62, 74, 93, 95, 99, 137, 148, 166, 172, 174, 191, 221, 222, 235, 273, 277, 299, 305, 308, 318, 320, 333, 353, 355, 369, 381]
modes_kv=32, index_kv=[0, 1, 2, 6, 9, 10, 12, 14, 15, 16, 17, 19, 20, 23, 24, 27, 28, 29, 33, 34, 35, 36, 37, 38, 39, 40, 41, 43, 44, 45, 46, 47]
[Model] FEDformer | backbone_out=512 | geohcan_dim=512 | Backbone(512) → no adapter → GeoHCAN → Head → c_out(7)
>>>>>>>start training : fed720A_FEDformer_ETTh1_ftM_sl96_ll48_pl720_nf8_proj16_gamma1.0_cls0.1_reg0.05_alp0.5_fed_tune_720A_0>>>>>>>>>>>>>>>>>>>>>>>>>>
train 7825 M
val 2161 M
test 2161 M
>>> [GeoHCAN] K-Means init done: 1152000 samples → 8 centroids (backbone=FEDformer)
Epoch: 1 | Train Loss: 0.6312745 Vali Loss: 1.6005450
Validation loss decreased (inf --> 1.600545).  Saving model ...
Updating learning rate to 0.0005
Epoch: 2 | Train Loss: 0.5784394 Vali Loss: 1.7418883
EarlyStopping counter: 1 out of 5
Updating learning rate to 0.00025
[GeoHCAN N=8] Ev:4.7 | maxSim:0.420 | u_resp:0.184 | T:0.211 | gate:0.445 | ||Q||:4.1 | L_lat:0.5373 | L_geo:0.0000
Epoch: 3 | Train Loss: 0.5425812 Vali Loss: 1.6788211
EarlyStopping counter: 2 out of 5
Updating learning rate to 0.000125
Epoch: 4 | Train Loss: 0.5233875 Vali Loss: 1.7157254
EarlyStopping counter: 3 out of 5
Updating learning rate to 6.25e-05
[GeoHCAN N=8] Ev:4.5 | maxSim:0.381 | u_resp:0.186 | T:0.201 | gate:0.440 | ||Q||:4.1 | L_lat:0.5717 | L_geo:0.0000
